{"C:\\Users\\jatin\\OneDrive\\Documents\\javascriptquestion\\ispalindrm.js": {"path":"C:\\Users\\jatin\\OneDrive\\Documents\\javascriptquestion\\ispalindrm.js","statementMap":{"0":{"start":{"line":3,"column":4},"end":{"line":3,"column":54}},"1":{"start":{"line":5,"column":0},"end":{"line":5,"column":26}}},"fnMap":{"0":{"name":"palindrom","decl":{"start":{"line":1,"column":9},"end":{"line":1,"column":18}},"loc":{"start":{"line":1,"column":26},"end":{"line":4,"column":1}},"line":1}},"branchMap":{},"s":{"0":1,"1":1},"f":{"0":1},"b":{},"_coverageSchema":"1a1c01bbd47fc00a2c39e90264f33305004495a9","hash":"ec508bb38d358ca440eb08772fe9f2c1bd9fbc10"}
,"C:\\Users\\jatin\\OneDrive\\Documents\\javascriptquestion\\sum.js": {"path":"C:\\Users\\jatin\\OneDrive\\Documents\\javascriptquestion\\sum.js","statementMap":{"0":{"start":{"line":2,"column":0},"end":{"line":2,"column":10}},"1":{"start":{"line":4,"column":0},"end":{"line":4,"column":22}}},"fnMap":{"0":{"name":"sum","decl":{"start":{"line":1,"column":9},"end":{"line":1,"column":12}},"loc":{"start":{"line":1,"column":17},"end":{"line":3,"column":1}},"line":1}},"branchMap":{},"s":{"0":1,"1":1},"f":{"0":1},"b":{},"_coverageSchema":"1a1c01bbd47fc00a2c39e90264f33305004495a9","hash":"66f07af3471d9338a382ed50706dcccad8e59d01"}
}
